<?xml version="1.0" encoding="UTF-8"?>
<!-- Generated by org.testng.reporters.JUnitXMLReporter -->
<testsuite hostname="Sanghamitra" ignored="2" name="my e2e test chrome" tests="5" failures="0" timestamp="03 Dec 2022 13:32:15 GMT" time="310.638" errors="0">
  <testcase name="enterFlightDetails" time="14.573" classname="com.mytests.SearchFlightTest"/>
  <testcase name="verifyLoginPageTitleTest" time="0.319" classname="com.mytests.SearchFlightTest"/>
  <testcase name="verifyFlightOfferDetailsScreen" time="56.1" classname="com.mytests.FlightOfferDetailsTest"/>
  <testcase name="verifyFlightOfferDetailsScreen" time="55.382" classname="com.mytests.ItenaryDetailsTest"/>
  <testcase name="verifyLoginPageHeaderTest" time="0.06" classname="com.mytests.SearchFlightTest"/>
  <testcase name="@AfterSuite teardown" time="0.0" classname="com.mytests.BaseTest">
    <ignored/>
  </testcase> <!-- @AfterSuite teardown -->
  <testcase name="@AfterSuite teardown" time="0.0" classname="com.mytests.BaseTest">
    <ignored/>
  </testcase> <!-- @AfterSuite teardown -->
</testsuite> <!-- my e2e test chrome -->
